app/build/intermediates/manifest_merge_blame_file/debug/manifest-merger-blame-debug-report.txt
1<?xml version="1.0" encoding="utf-8"?>
2<manifest xmlns:android="http://schemas.android.com/apk/res/android"
3    package="com.goatedradar.mesh"
4    android:versionCode="2"
5    android:versionName="2.0" >
6
7    <uses-sdk
8        android:minSdkVersion="21"
9        android:targetSdkVersion="34" />
10
11    <uses-feature
11-->src\main\AndroidManifest.xml:3:5-89
12        android:name="android.hardware.bluetooth_le"
12-->src\main\AndroidManifest.xml:3:19-63
13        android:required="true" />
13-->src\main\AndroidManifest.xml:3:64-87
14    <uses-feature
14-->src\main\AndroidManifest.xml:4:5-90
15        android:name="android.hardware.location.gps"
15-->src\main\AndroidManifest.xml:4:19-63
16        android:required="false" />
16-->src\main\AndroidManifest.xml:4:64-88
17
18    <uses-permission android:name="android.permission.VIBRATE" />
18-->src\main\AndroidManifest.xml:5:5-65
18-->src\main\AndroidManifest.xml:5:22-63
19    <uses-permission android:name="android.permission.BLUETOOTH" />
19-->src\main\AndroidManifest.xml:6:5-67
19-->src\main\AndroidManifest.xml:6:22-65
20    <uses-permission android:name="android.permission.BLUETOOTH_ADMIN" />
20-->src\main\AndroidManifest.xml:7:5-73
20-->src\main\AndroidManifest.xml:7:22-71
21    <uses-permission android:name="android.permission.BLUETOOTH_ADVERTISE" />
21-->src\main\AndroidManifest.xml:8:5-77
21-->src\main\AndroidManifest.xml:8:22-75
22    <uses-permission android:name="android.permission.BLUETOOTH_SCAN" />
22-->src\main\AndroidManifest.xml:9:5-72
22-->src\main\AndroidManifest.xml:9:22-70
23    <uses-permission android:name="android.permission.BLUETOOTH_CONNECT" />
23-->src\main\AndroidManifest.xml:10:5-75
23-->src\main\AndroidManifest.xml:10:22-73
24    <uses-permission android:name="android.permission.ACCESS_FINE_LOCATION" />
24-->src\main\AndroidManifest.xml:12:5-78
24-->src\main\AndroidManifest.xml:12:22-76
25    <uses-permission android:name="android.permission.ACCESS_COARSE_LOCATION" />
25-->src\main\AndroidManifest.xml:13:5-80
25-->src\main\AndroidManifest.xml:13:22-78
26    <uses-permission android:name="android.permission.INTERNET" />
26-->src\main\AndroidManifest.xml:14:5-66
26-->src\main\AndroidManifest.xml:14:22-64
27    <uses-permission android:name="android.permission.ACCESS_NETWORK_STATE" />
27-->src\main\AndroidManifest.xml:15:5-78
27-->src\main\AndroidManifest.xml:15:22-76
28    <uses-permission android:name="android.permission.ACCESS_WIFI_STATE" />
28-->src\main\AndroidManifest.xml:16:5-75
28-->src\main\AndroidManifest.xml:16:22-73
29
30    <permission
30-->[androidx.core:core:1.12.0] AndroidManifest.xml:22:5-24:47
31        android:name="com.goatedradar.mesh.DYNAMIC_RECEIVER_NOT_EXPORTED_PERMISSION"
31-->[androidx.core:core:1.12.0] AndroidManifest.xml:23:9-81
32        android:protectionLevel="signature" />
32-->[androidx.core:core:1.12.0] AndroidManifest.xml:24:9-44
33
34    <uses-permission android:name="com.goatedradar.mesh.DYNAMIC_RECEIVER_NOT_EXPORTED_PERMISSION" />
34-->[androidx.core:core:1.12.0] AndroidManifest.xml:26:5-97
34-->[androidx.core:core:1.12.0] AndroidManifest.xml:26:22-94
35    <uses-permission android:name="android.permission.CAMERA" /> <!-- Don't require camera, as this requires a rear camera. This allows it to work on the Nexus 7 -->
35-->[com.journeyapps:zxing-android-embedded:4.3.0] AndroidManifest.xml:22:5-65
35-->[com.journeyapps:zxing-android-embedded:4.3.0] AndroidManifest.xml:22:22-62
36    <uses-feature
36-->[com.journeyapps:zxing-android-embedded:4.3.0] AndroidManifest.xml:25:5-27:36
37        android:name="android.hardware.camera"
37-->[com.journeyapps:zxing-android-embedded:4.3.0] AndroidManifest.xml:26:9-47
38        android:required="false" />
38-->[com.journeyapps:zxing-android-embedded:4.3.0] AndroidManifest.xml:27:9-33
39    <uses-feature
39-->[com.journeyapps:zxing-android-embedded:4.3.0] AndroidManifest.xml:28:5-30:36
40        android:name="android.hardware.camera.front"
40-->[com.journeyapps:zxing-android-embedded:4.3.0] AndroidManifest.xml:29:9-53
41        android:required="false" /> <!-- TODO replace above two with next line after Android 4.2 -->
41-->[com.journeyapps:zxing-android-embedded:4.3.0] AndroidManifest.xml:30:9-33
42    <!-- <uses-feature android:name="android.hardware.camera.any"/> -->
43    <uses-feature
43-->[com.journeyapps:zxing-android-embedded:4.3.0] AndroidManifest.xml:33:5-35:36
44        android:name="android.hardware.camera.autofocus"
44-->[com.journeyapps:zxing-android-embedded:4.3.0] AndroidManifest.xml:34:9-57
45        android:required="false" />
45-->[com.journeyapps:zxing-android-embedded:4.3.0] AndroidManifest.xml:35:9-33
46    <uses-feature
46-->[com.journeyapps:zxing-android-embedded:4.3.0] AndroidManifest.xml:36:5-38:36
47        android:name="android.hardware.camera.flash"
47-->[com.journeyapps:zxing-android-embedded:4.3.0] AndroidManifest.xml:37:9-53
48        android:required="false" />
48-->[com.journeyapps:zxing-android-embedded:4.3.0] AndroidManifest.xml:38:9-33
49    <uses-feature
49-->[com.journeyapps:zxing-android-embedded:4.3.0] AndroidManifest.xml:39:5-41:36
50        android:name="android.hardware.screen.landscape"
50-->[com.journeyapps:zxing-android-embedded:4.3.0] AndroidManifest.xml:40:9-57
51        android:required="false" />
51-->[com.journeyapps:zxing-android-embedded:4.3.0] AndroidManifest.xml:41:9-33
52    <uses-feature
52-->[com.journeyapps:zxing-android-embedded:4.3.0] AndroidManifest.xml:42:5-44:36
53        android:name="android.hardware.wifi"
53-->[com.journeyapps:zxing-android-embedded:4.3.0] AndroidManifest.xml:43:9-45
54        android:required="false" />
54-->[com.journeyapps:zxing-android-embedded:4.3.0] AndroidManifest.xml:44:9-33
55
56    <supports-screens
56-->[org.osmdroid:osmdroid-android:6.1.18] AndroidManifest.xml:9:5-12:40
57        android:anyDensity="true"
57-->[org.osmdroid:osmdroid-android:6.1.18] AndroidManifest.xml:10:9-34
58        android:largeScreens="true"
58-->[org.osmdroid:osmdroid-android:6.1.18] AndroidManifest.xml:11:9-36
59        android:normalScreens="true" />
59-->[org.osmdroid:osmdroid-android:6.1.18] AndroidManifest.xml:12:9-37
60
61    <uses-feature
61-->[org.osmdroid:osmdroid-android:6.1.18] AndroidManifest.xml:14:5-16:36
62        android:name="android.hardware.location.network"
62-->[org.osmdroid:osmdroid-android:6.1.18] AndroidManifest.xml:15:9-57
63        android:required="false" />
63-->[org.osmdroid:osmdroid-android:6.1.18] AndroidManifest.xml:16:9-33
64    <uses-feature
64-->[org.osmdroid:osmdroid-android:6.1.18] AndroidManifest.xml:20:5-22:36
65        android:name="android.hardware.telephony"
65-->[org.osmdroid:osmdroid-android:6.1.18] AndroidManifest.xml:21:9-50
66        android:required="false" />
66-->[org.osmdroid:osmdroid-android:6.1.18] AndroidManifest.xml:22:9-33
67
68    <application
68-->src\main\AndroidManifest.xml:17:5-24:19
69        android:allowBackup="true"
69-->src\main\AndroidManifest.xml:17:18-44
70        android:appComponentFactory="androidx.core.app.CoreComponentFactory"
70-->[androidx.core:core:1.12.0] AndroidManifest.xml:28:18-86
71        android:debuggable="true"
72        android:extractNativeLibs="true"
73        android:icon="@mipmap/ic_launcher"
73-->src\main\AndroidManifest.xml:18:9-43
74        android:label="Goated Radar"
74-->src\main\AndroidManifest.xml:17:45-73
75        android:roundIcon="@mipmap/ic_launcher"
75-->src\main\AndroidManifest.xml:18:44-83
76        android:supportsRtl="true"
76-->src\main\AndroidManifest.xml:19:9-35
77        android:theme="@style/RadarTheme"
77-->src\main\AndroidManifest.xml:17:74-107
78        android:usesCleartextTraffic="true" >
78-->src\main\AndroidManifest.xml:19:36-71
79        <activity
79-->src\main\AndroidManifest.xml:20:9-23:20
80            android:name="com.goatedradar.mesh.MainActivity"
80-->src\main\AndroidManifest.xml:20:19-47
81            android:exported="true"
81-->src\main\AndroidManifest.xml:20:48-71
82            android:screenOrientation="portrait" >
82-->src\main\AndroidManifest.xml:20:72-108
83            <intent-filter>
83-->src\main\AndroidManifest.xml:21:13-22:88
84                <action android:name="android.intent.action.MAIN" />
84-->src\main\AndroidManifest.xml:21:28-79
84-->src\main\AndroidManifest.xml:21:36-77
85
86                <category android:name="android.intent.category.LAUNCHER" />
86-->src\main\AndroidManifest.xml:22:13-72
86-->src\main\AndroidManifest.xml:22:23-70
87            </intent-filter>
88        </activity>
89
90        <provider
90-->[androidx.emoji2:emoji2:1.2.0] AndroidManifest.xml:24:9-32:20
91            android:name="androidx.startup.InitializationProvider"
91-->[androidx.emoji2:emoji2:1.2.0] AndroidManifest.xml:25:13-67
92            android:authorities="com.goatedradar.mesh.androidx-startup"
92-->[androidx.emoji2:emoji2:1.2.0] AndroidManifest.xml:26:13-68
93            android:exported="false" >
93-->[androidx.emoji2:emoji2:1.2.0] AndroidManifest.xml:27:13-37
94            <meta-data
94-->[androidx.emoji2:emoji2:1.2.0] AndroidManifest.xml:29:13-31:52
95                android:name="androidx.emoji2.text.EmojiCompatInitializer"
95-->[androidx.emoji2:emoji2:1.2.0] AndroidManifest.xml:30:17-75
96                android:value="androidx.startup" />
96-->[androidx.emoji2:emoji2:1.2.0] AndroidManifest.xml:31:17-49
97            <meta-data
97-->[androidx.lifecycle:lifecycle-process:2.6.1] AndroidManifest.xml:29:13-31:52
98                android:name="androidx.lifecycle.ProcessLifecycleInitializer"
98-->[androidx.lifecycle:lifecycle-process:2.6.1] AndroidManifest.xml:30:17-78
99                android:value="androidx.startup" />
99-->[androidx.lifecycle:lifecycle-process:2.6.1] AndroidManifest.xml:31:17-49
100            <meta-data
100-->[androidx.profileinstaller:profileinstaller:1.3.0] AndroidManifest.xml:29:13-31:52
101                android:name="androidx.profileinstaller.ProfileInstallerInitializer"
101-->[androidx.profileinstaller:profileinstaller:1.3.0] AndroidManifest.xml:30:17-85
102                android:value="androidx.startup" />
102-->[androidx.profileinstaller:profileinstaller:1.3.0] AndroidManifest.xml:31:17-49
103        </provider>
104
105        <activity
105-->[com.google.android.gms:play-services-base:18.1.0] AndroidManifest.xml:20:9-22:45
106            android:name="com.google.android.gms.common.api.GoogleApiActivity"
106-->[com.google.android.gms:play-services-base:18.1.0] AndroidManifest.xml:20:19-85
107            android:exported="false"
107-->[com.google.android.gms:play-services-base:18.1.0] AndroidManifest.xml:22:19-43
108            android:theme="@android:style/Theme.Translucent.NoTitleBar" />
108-->[com.google.android.gms:play-services-base:18.1.0] AndroidManifest.xml:21:19-78
109
110        <meta-data
110-->[com.google.android.gms:play-services-basement:18.1.0] AndroidManifest.xml:21:9-23:69
111            android:name="com.google.android.gms.version"
111-->[com.google.android.gms:play-services-basement:18.1.0] AndroidManifest.xml:22:13-58
112            android:value="@integer/google_play_services_version" />
112-->[com.google.android.gms:play-services-basement:18.1.0] AndroidManifest.xml:23:13-66
113
114        <receiver
114-->[androidx.profileinstaller:profileinstaller:1.3.0] AndroidManifest.xml:34:9-52:20
115            android:name="androidx.profileinstaller.ProfileInstallReceiver"
115-->[androidx.profileinstaller:profileinstaller:1.3.0] AndroidManifest.xml:35:13-76
116            android:directBootAware="false"
116-->[androidx.profileinstaller:profileinstaller:1.3.0] AndroidManifest.xml:36:13-44
117            android:enabled="true"
117-->[androidx.profileinstaller:profileinstaller:1.3.0] AndroidManifest.xml:37:13-35
118            android:exported="true"
118-->[androidx.profileinstaller:profileinstaller:1.3.0] AndroidManifest.xml:38:13-36
119            android:permission="android.permission.DUMP" >
119-->[androidx.profileinstaller:profileinstaller:1.3.0] AndroidManifest.xml:39:13-57
120            <intent-filter>
120-->[androidx.profileinstaller:profileinstaller:1.3.0] AndroidManifest.xml:40:13-42:29
121                <action android:name="androidx.profileinstaller.action.INSTALL_PROFILE" />
121-->[androidx.profileinstaller:profileinstaller:1.3.0] AndroidManifest.xml:41:17-91
121-->[androidx.profileinstaller:profileinstaller:1.3.0] AndroidManifest.xml:41:25-88
122            </intent-filter>
123            <intent-filter>
123-->[androidx.profileinstaller:profileinstaller:1.3.0] AndroidManifest.xml:43:13-45:29
124                <action android:name="androidx.profileinstaller.action.SKIP_FILE" />
124-->[androidx.profileinstaller:profileinstaller:1.3.0] AndroidManifest.xml:44:17-85
124-->[androidx.profileinstaller:profileinstaller:1.3.0] AndroidManifest.xml:44:25-82
125            </intent-filter>
126            <intent-filter>
126-->[androidx.profileinstaller:profileinstaller:1.3.0] AndroidManifest.xml:46:13-48:29
127                <action android:name="androidx.profileinstaller.action.SAVE_PROFILE" />
127-->[androidx.profileinstaller:profileinstaller:1.3.0] AndroidManifest.xml:47:17-88
127-->[androidx.profileinstaller:profileinstaller:1.3.0] AndroidManifest.xml:47:25-85
128            </intent-filter>
129            <intent-filter>
129-->[androidx.profileinstaller:profileinstaller:1.3.0] AndroidManifest.xml:49:13-51:29
130                <action android:name="androidx.profileinstaller.action.BENCHMARK_OPERATION" />
130-->[androidx.profileinstaller:profileinstaller:1.3.0] AndroidManifest.xml:50:17-95
130-->[androidx.profileinstaller:profileinstaller:1.3.0] AndroidManifest.xml:50:25-92
131            </intent-filter>
132        </receiver>
133
134        <activity
134-->[com.journeyapps:zxing-android-embedded:4.3.0] AndroidManifest.xml:47:9-53:63
135            android:name="com.journeyapps.barcodescanner.CaptureActivity"
135-->[com.journeyapps:zxing-android-embedded:4.3.0] AndroidManifest.xml:48:13-74
136            android:clearTaskOnLaunch="true"
136-->[com.journeyapps:zxing-android-embedded:4.3.0] AndroidManifest.xml:49:13-45
137            android:screenOrientation="sensorLandscape"
137-->[com.journeyapps:zxing-android-embedded:4.3.0] AndroidManifest.xml:50:13-56
138            android:stateNotNeeded="true"
138-->[com.journeyapps:zxing-android-embedded:4.3.0] AndroidManifest.xml:51:13-42
139            android:theme="@style/zxing_CaptureTheme"
139-->[com.journeyapps:zxing-android-embedded:4.3.0] AndroidManifest.xml:52:13-54
140            android:windowSoftInputMode="stateAlwaysHidden" />
140-->[com.journeyapps:zxing-android-embedded:4.3.0] AndroidManifest.xml:53:13-60
141    </application>
142
143</manifest>